<?xml version="1.0" encoding="UTF-8"?>
<!-- Generated by org.testng.reporters.JUnitReportReporter -->
<testsuite hostname="Jigar" failures="0" tests="5" name="testCases.TC003_LoginDDT" time="47.037" errors="0" timestamp="2025-04-06T15:30:07 IST" skipped="0">
  <testcase classname="testCases.TC003_LoginDDT" name="verify_loginDDT" time="7.301"/>
  <testcase classname="testCases.TC003_LoginDDT" name="verify_loginDDT" time="14.950"/>
  <testcase classname="testCases.TC003_LoginDDT" name="verify_loginDDT" time="8.328"/>
  <testcase classname="testCases.TC003_LoginDDT" name="verify_loginDDT" time="8.254"/>
  <testcase classname="testCases.TC003_LoginDDT" name="verify_loginDDT" time="8.204"/>
</testsuite> <!-- testCases.TC003_LoginDDT -->
