<?xml version="1.0" encoding="UTF-8"?>
<!-- Generated by org.testng.reporters.JUnitReportReporter -->
<testsuite hostname="Jigar" failures="0" tests="1" name="testCases.TC001_AccountRegistrationTest" time="23.291" errors="0" timestamp="2025-04-11T08:28:58 IST" skipped="0">
  <testcase classname="testCases.TC001_AccountRegistrationTest" name="verify_account_registration" time="23.291"/>
</testsuite> <!-- testCases.TC001_AccountRegistrationTest -->
