<?xml version="1.0" encoding="UTF-8"?>
<!-- Generated by org.testng.reporters.JUnitReportReporter -->
<testsuite hostname="Jigar" failures="0" tests="1" name="testCases.TC002_loginTest" time="2.372" errors="0" timestamp="2025-04-11T08:28:58 IST" skipped="0">
  <testcase classname="testCases.TC002_loginTest" name="verifyLogin" time="2.372"/>
</testsuite> <!-- testCases.TC002_loginTest -->
